Removed Pin From Net: NetName=GND Pin=LedJolie7V-K
Removed Pin From Net: NetName=GND Pin=LedJolie7V-K
Removed Pin From Net: NetName=GND Pin=LedJolie7V-K
Removed Pin From Net: NetName=GND Pin=LedJolie7V-K
Removed Pin From Net: NetName=VCC7V+ Pin=ResLedolie-1
Removed Pin From Net: NetName=VCC7V+ Pin=ResLedolie-1
Removed Pin From Net: NetName=VCC7V+ Pin=ResLedolie-1
Removed Pin From Net: NetName=VCC7V+ Pin=ResLedolie-1
Added Component: Designator=LD?(LED0805)
Added Component: Designator=LD?(LED0805)
Added Component: Designator=LD?(LED0805)
Added Component: Designator=LD?(LED0805)
Added Component: Designator=R?(0805)
Added Component: Designator=R?(0805)
Added Component: Designator=R?(0805)
Added Component: Designator=R?(0805)
Added Pin To Net: NetName=GND Pin=LD?-K
Added Pin To Net: NetName=GND Pin=LD?-K
Added Pin To Net: NetName=GND Pin=LD?-K
Added Pin To Net: NetName=GND Pin=LD?-K
Added Pin To Net: NetName=VCC7V+ Pin=R?-2
Added Pin To Net: NetName=VCC7V+ Pin=R?-2
Added Pin To Net: NetName=VCC7V+ Pin=R?-2
Added Pin To Net: NetName=VCC7V+ Pin=R?-2
Added Pin To Net: NetName=NetLD?_A Pin=LD?-A
Added Pin To Net: NetName=NetLD?_A Pin=R?-1
Added Net: Name=NetLD?_A
Added Member To Class: ClassName=Led Member=Component LD? comment
Added Member To Class: ClassName=Led Member=Component R? RES
