Removed Pin From Net: NetName=GND Pin=*-2
Removed Pin From Net: NetName=SDA5V Pin=*-2
Removed Pin From Net: NetName=GND Pin=*-5
Removed Pin From Net: NetName=SCL3.3V Pin=*-6
Removed Pin From Net: NetName=SDA3.3V Pin=*-7
Removed Pin From Net: NetName=VCC3.3V Pin=*-8
Change Component DesignItemId : Designator=* Old DesignItemId=ConvertisseurDeNiveau New DesignItemId=GyroscopeI2C
Change Component DesignItemId : Designator=* Old DesignItemId=GyroscopeI2C New DesignItemId=LvlConverter_Adg3304
Change Component Comment : Designator=* Old Comment=ConvertisseurDeNiveau New Comment=GyroscopeI2C
Change Component Comment : Designator=* Old Comment=GyroscopeI2C New Comment=LvlConverter_Adg3304
Change Component Designator: OldDesignator=* NewDesignator=ConvertisseurNiveauxSPI
Change Component Library : Designator=* Old Library=ConvertisseurDeNiveau.SchLib New Library=GyroscopeI2C.SchLib
Change Component Library : Designator=ConvertisseurNiveauxSPI Old Library=GyroscopeI2C.SchLib New Library=LvlConverter_Adg3304.SchLib
Added Component: Designator=*(ConvertisseurDeniveauxI2C)
Added Pin To Net: NetName=VCC5V Pin=*-1
Added Pin To Net: NetName=GND Pin=*-2
Added Pin To Net: NetName=SDA5V Pin=*-2
Added Pin To Net: NetName=SCL5V Pin=*-3
Added Pin To Net: NetName=GND Pin=*-4
Added Pin To Net: NetName=SDA5V Pin=*-4
Added Pin To Net: NetName=GND Pin=*-5
Added Pin To Net: NetName=SCL3.3V Pin=*-6
Added Pin To Net: NetName=SDA3.3V Pin=*-7
Added Pin To Net: NetName=VCC3.3V Pin=*-8
Added Member To Class: ClassName=ShematicShieldCerveau Member=Component ConvertisseurNiveauxSPI LvlConverter_Adg3304
