Removed Pin From Net: NetName=VCC3.3V Pin=*-1
Removed Pin From Net: NetName=SID3.3V(MOSI) Pin=*-3
Removed Pin From Net: NetName=SCLK3.3V Pin=*-4
Removed Pin From Net: NetName=CS3.3V Pin=*-5
Removed Pin From Net: NetName=GND Pin=*-7
Removed Pin From Net: NetName=VCC3.3V Pin=*-8
Removed Pin From Net: NetName=CS5V Pin=*-10
Removed Pin From Net: NetName=SCLK5V Pin=*-11
Removed Pin From Net: NetName=SID5V(MOSI) Pin=*-12
Removed Pin From Net: NetName=VCC5V Pin=*-14
Removed Pin From Net: NetName=VCC5V Pin=ConvertisseurNiveauxI2C-1
Removed Pin From Net: NetName=SDA5V Pin=ConvertisseurNiveauxI2C-2
Removed Pin From Net: NetName=SCL5V Pin=ConvertisseurNiveauxI2C-3
Removed Pin From Net: NetName=GND Pin=ConvertisseurNiveauxI2C-5
Removed Pin From Net: NetName=SCL3.3V Pin=ConvertisseurNiveauxI2C-6
Removed Pin From Net: NetName=SDA3.3V Pin=ConvertisseurNiveauxI2C-7
Removed Pin From Net: NetName=VCC3.3V Pin=ConvertisseurNiveauxI2C-8
Removed Member From Class: ClassName=ShematicShieldCerveau Member=ConvertisseurNiveauxI2C
Added Component: Designator=*(ConvertisseurDeniveauxI2C)
Added Component: Designator=ConvertisseurNiveauxSPI(LvlConverter_Adg3304)
Added Pin To Net: NetName=VCC5V Pin=*-1
Added Pin To Net: NetName=VCC5V Pin=*-1
Added Pin To Net: NetName=SDA5V Pin=*-2
Added Pin To Net: NetName=SCL5V Pin=*-3
Added Pin To Net: NetName=SCL5V Pin=*-3
Added Pin To Net: NetName=GND Pin=*-5
Added Pin To Net: NetName=SCL3.3V Pin=*-6
Added Pin To Net: NetName=SDA3.3V Pin=*-7
Added Pin To Net: NetName=VCC3.3V Pin=*-8
Added Pin To Net: NetName=VCC3.3V Pin=*-1
Added Pin To Net: NetName=SID3.3V(MOSI) Pin=*-3
Added Pin To Net: NetName=SCLK3.3V Pin=*-4
Added Pin To Net: NetName=CS3.3V Pin=*-5
Added Pin To Net: NetName=GND Pin=*-7
Added Pin To Net: NetName=VCC3.3V Pin=*-8
Added Pin To Net: NetName=CS5V Pin=*-10
Added Pin To Net: NetName=SCLK5V Pin=*-11
Added Pin To Net: NetName=SID5V(MOSI) Pin=*-12
Added Pin To Net: NetName=VCC5V Pin=*-14
Added Member To Class: ClassName=ShematicShieldCerveau Member=Component * ConvertisseurDeNiveau
