Removed Pin From Net: NetName=GND Pin=EncoderMotorL-1
Removed Pin From Net: NetName=GND Pin=EncoderMotorL-2
Removed Pin From Net: NetName=ENCODER0PINB_L Pin=EncoderMotorL-5
Removed Pin From Net: NetName=ENCODER0PINB_L Pin=EncoderMotorL-6
Removed Pin From Net: NetName=VCC5 Pin=EncoderMotorL-7
Removed Pin From Net: NetName=VCC5 Pin=EncoderMotorL-8
Removed Pin From Net: NetName=ENCODER0PINA_L Pin=EncoderMotorL-9
Removed Pin From Net: NetName=ENCODER0PINA_L Pin=EncoderMotorL-10
Removed Pin From Net: NetName=ENCODER0PINA_R Pin=EncoderMotorR-1
Removed Pin From Net: NetName=ENCODER0PINA_R Pin=EncoderMotorR-2
Removed Pin From Net: NetName=VCC5 Pin=EncoderMotorR-3
Removed Pin From Net: NetName=VCC5 Pin=EncoderMotorR-4
Removed Pin From Net: NetName=ENCODER0PINB_R Pin=EncoderMotorR-5
Removed Pin From Net: NetName=ENCODER0PINB_R Pin=EncoderMotorR-6
Removed Pin From Net: NetName=GND Pin=EncoderMotorR-9
Removed Pin From Net: NetName=GND Pin=EncoderMotorR-10
Added Pin To Net: NetName=ENCODER0PINB_L Pin=EncoderMotorL-1
Added Pin To Net: NetName=ENCODER0PINB_L Pin=EncoderMotorL-2
Added Pin To Net: NetName=VCC5 Pin=EncoderMotorL-3
Added Pin To Net: NetName=VCC5 Pin=EncoderMotorL-4
Added Pin To Net: NetName=ENCODER0PINA_L Pin=EncoderMotorL-5
Added Pin To Net: NetName=ENCODER0PINA_L Pin=EncoderMotorL-6
Added Pin To Net: NetName=GND Pin=EncoderMotorL-9
Added Pin To Net: NetName=GND Pin=EncoderMotorL-10
Added Pin To Net: NetName=GND Pin=EncoderMotorR-1
Added Pin To Net: NetName=GND Pin=EncoderMotorR-2
Added Pin To Net: NetName=ENCODER0PINA_R Pin=EncoderMotorR-5
Added Pin To Net: NetName=ENCODER0PINA_R Pin=EncoderMotorR-6
Added Pin To Net: NetName=VCC5 Pin=EncoderMotorR-7
Added Pin To Net: NetName=VCC5 Pin=EncoderMotorR-8
Added Pin To Net: NetName=ENCODER0PINB_R Pin=EncoderMotorR-9
Added Pin To Net: NetName=ENCODER0PINB_R Pin=EncoderMotorR-10
Added Pin To Net: NetName=NetEncoderMotorL_7 Pin=EncoderMotorL-7
Added Pin To Net: NetName=NetEncoderMotorL_7 Pin=EncoderMotorL-8
Added Net: Name=NetEncoderMotorL_7
Added Pin To Net: NetName=NetEncoderMotorR_3 Pin=EncoderMotorR-3
Added Pin To Net: NetName=NetEncoderMotorR_3 Pin=EncoderMotorR-4
Added Net: Name=NetEncoderMotorR_3
