Added Component: Designator=D1(stk681_320)
Added Component: Designator=HCPL-9030/0930(HCPL-0930)
Added Pin To Net: NetName=GND Pin=D1-1
Added Pin To Net: NetName=VCC5 Pin=D1-2
Added Pin To Net: NetName=RSO Pin=D1-3
Added Pin To Net: NetName=OUTMOTOR2 Pin=D1-6
Added Pin To Net: NetName=VCC24 Pin=D1-7
Added Pin To Net: NetName=OUTMOTOR1 Pin=D1-8
Added Pin To Net: NetName=VCC24 Pin=D1-9
Added Pin To Net: NetName=IN1 Pin=D1-12
Added Pin To Net: NetName=IN2 Pin=D1-13
Added Pin To Net: NetName=PWM Pin=D1-14
Added Pin To Net: NetName=VCC5(2) Pin=D1-15
Added Pin To Net: NetName=NetD1_16 Pin=D1-16
Added Pin To Net: NetName=NetD1_16 Pin=D1-18
Added Pin To Net: NetName=RSO Pin=D1-19
Added Pin To Net: NetName=VCCBIS Pin=HCPL-9030/0930-1
Added Pin To Net: NetName=SIGNAL1 Pin=HCPL-9030/0930-2
Added Pin To Net: NetName=SIGNAL2 Pin=HCPL-9030/0930-3
Added Pin To Net: NetName=GNDBIS Pin=HCPL-9030/0930-4
Added Pin To Net: NetName=GND Pin=HCPL-9030/0930-5
Added Pin To Net: NetName=IN2 Pin=HCPL-9030/0930-6
Added Pin To Net: NetName=IN1 Pin=HCPL-9030/0930-7
Added Pin To Net: NetName=VCC5 Pin=HCPL-9030/0930-8
Added Member To Class: ClassName=SchemaDriverMoteur Member=Component D1 STK681_320
Added Member To Class: ClassName=SchemaDriverMoteur Member=Component HCPL-9030/0930 U?
