Removed Pin From Net: NetName=VCC5 Pin=Alim5v-1
Removed Pin From Net: NetName=GND Pin=Alim5v-2
Removed Pin From Net: NetName=VCC5 Pin=AlimSecour_Out5V-1
Removed Pin From Net: NetName=VCC5 Pin=Decouplage-1
Removed Pin From Net: NetName=GND Pin=Decouplage-2
Removed Pin From Net: NetName=VCC5 Pin=Res_PullUp_SCL-2
Removed Pin From Net: NetName=VCC5 Pin=Res_PullUp_SDA-2
Removed Pin From Net: NetName=ENCODER0PINA_R Pin=U?-29
Removed Pin From Net: NetName=ENCODER0PINB_R Pin=U?-31
Removed Pin From Net: NetName=CMD_MOTEURR_IN1 Pin=U?-33
Removed Pin From Net: NetName=CMD_MOTEURR_IN2 Pin=U?-35
Removed Pin From Net: NetName=CMD_MOTEURL_IN1 Pin=U?-53
Removed Pin From Net: NetName=CMD_MOTEURL_IN2 Pin=U?-55
Removed Member From Class: ClassName=ShieldArduino Due.~(5) Member=Alim5v
Removed Member From Class: ClassName=ShieldArduino Due.~(5) Member=AlimSecour_Out5V
Removed Member From Class: ClassName=ShieldArduino Due.~(5) Member=Decouplage
Removed Member From Class: ClassName=ShieldArduino Due.~(5) Member=I2C
Removed Member From Class: ClassName=ShieldArduino Due.~(5) Member=Res_PullUp_SCL
Removed Member From Class: ClassName=ShieldArduino Due.~(5) Member=Res_PullUp_SDA
Added Component: Designator=*(LvlConverter_Adg3304)
Added Component: Designator=Connector_Input_5V(Connector2_3.5mm_puissance)
Added Component: Designator=Connector_Input_7V(Connector2_3.5mm_puissance)
Added Component: Designator=Connector_Input_I2C(AMP_2)
Added Component: Designator=Decouplage_Input_3.3V_LvlConverter(0805)
Added Component: Designator=Decouplage_Input_5V_LvlConverter(0805)
Added Component: Designator=Decouplage_Input_7V_Arduino(0805)
Added Component: Designator=Led_Alim_5V(LED0805)
Added Component: Designator=Led_Alim_7V(LED0805)
Added Component: Designator=ResLed_5V(0805)
Added Component: Designator=ResLed_7V(0805)
Added Pin To Net: NetName=VCC5 Pin=*-1
Added Pin To Net: NetName=GND Pin=*-7
Added Pin To Net: NetName=GND Pin=*-8
Added Pin To Net: NetName=VCC5 Pin=Connector_Input_5V-1
Added Pin To Net: NetName=GND Pin=Connector_Input_5V-2
Added Pin To Net: NetName=VCC7 Pin=Connector_Input_7V-1
Added Pin To Net: NetName=GND Pin=Connector_Input_7V-2
Added Pin To Net: NetName=GND Pin=Decouplage_Input_3.3V_LvlConverter-1
Added Pin To Net: NetName=GND Pin=Decouplage_Input_5V_LvlConverter-1
Added Pin To Net: NetName=VCC5 Pin=Decouplage_Input_5V_LvlConverter-2
Added Pin To Net: NetName=GND Pin=Decouplage_Input_7V_Arduino-1
Added Pin To Net: NetName=VCC7 Pin=Decouplage_Input_7V_Arduino-2
Added Pin To Net: NetName=GND Pin=Led_Alim_5V-K
Added Pin To Net: NetName=GND Pin=Led_Alim_7V-K
Added Pin To Net: NetName=VCC5 Pin=ResLed_5V-1
Added Pin To Net: NetName=VCC7 Pin=ResLed_7V-1
Added Pin To Net: NetName=CMD_MOTEURR_IN1 Pin=U?-29
Added Pin To Net: NetName=CMD_MOTEURR_IN2 Pin=U?-30
Added Pin To Net: NetName=CMD_MOTEURL_IN1 Pin=U?-59
Added Pin To Net: NetName=CMD_MOTEURL_IN2 Pin=U?-60
Added Pin To Net: NetName=NetLed_Alim_5V_A Pin=Led_Alim_5V-A
Added Pin To Net: NetName=NetLed_Alim_5V_A Pin=ResLed_5V-2
Added Net: Name=NetLed_Alim_5V_A
Added Pin To Net: NetName=NetLed_Alim_7V_A Pin=Led_Alim_7V-A
Added Pin To Net: NetName=NetLed_Alim_7V_A Pin=ResLed_7V-2
Added Net: Name=NetLed_Alim_7V_A
Added Pin To Net: NetName=SCL3.3V Pin=*-12
Added Pin To Net: NetName=SCL3.3V Pin=U?-26
Added Net: Name=SCL3.3V
Added Pin To Net: NetName=SCL5V Pin=*-3
Added Pin To Net: NetName=SCL5V Pin=Connector_Input_I2C-2
Added Net: Name=SCL5V
Added Pin To Net: NetName=SDA3.3V Pin=*-13
Added Pin To Net: NetName=SDA3.3V Pin=U?-25
Added Net: Name=SDA3.3V
Added Pin To Net: NetName=SDA5V Pin=*-2
Added Pin To Net: NetName=SDA5V Pin=Connector_Input_I2C-1
Added Net: Name=SDA5V
Added Pin To Net: NetName=VCC3.3 Pin=*-14
Added Pin To Net: NetName=VCC3.3 Pin=Decouplage_Input_3.3V_LvlConverter-2
Added Pin To Net: NetName=VCC3.3 Pin=U?-83
Added Net: Name=VCC3.3
Added Member To Class: ClassName=ShieldArduino Due.~(5) Member=Component * LvlConverter_Adg3304
Added Member To Class: ClassName=ShieldArduino Due.~(5) Member=Component Connector_Input_5V Connector2_3.5mm_puissance
Added Member To Class: ClassName=ShieldArduino Due.~(5) Member=Component Connector_Input_7V Connector2_3.5mm_puissance
Added Member To Class: ClassName=ShieldArduino Due.~(5) Member=Component Connector_Input_I2C comment
Added Member To Class: ClassName=ShieldArduino Due.~(5) Member=Component Decouplage_Input_3.3V_LvlConverter CAP
Added Member To Class: ClassName=ShieldArduino Due.~(5) Member=Component Decouplage_Input_5V_LvlConverter CAP
Added Member To Class: ClassName=ShieldArduino Due.~(5) Member=Component Decouplage_Input_7V_Arduino CAP
Added Member To Class: ClassName=ShieldArduino Due.~(5) Member=Component Led_Alim_5V comment
Added Member To Class: ClassName=ShieldArduino Due.~(5) Member=Component Led_Alim_7V comment
Added Member To Class: ClassName=ShieldArduino Due.~(5) Member=Component ResLed_5V RES
Added Member To Class: ClassName=ShieldArduino Due.~(5) Member=Component ResLed_7V RES
