Removed Pin From Net: NetName=24V- Pin=-1
Removed Pin From Net: NetName=24V+ Pin=-2
Change Component Designator: OldDesignator= NewDesignator=Connector_R1A+
Change Component Designator: OldDesignator= NewDesignator=Connector_R1A-
Change Component Designator: OldDesignator= NewDesignator=Connector_R1B+
Change Component Designator: OldDesignator= NewDesignator=Connector_R1B-
Change Component Designator: OldDesignator= NewDesignator=Connector_R1C+
Change Component Designator: OldDesignator= NewDesignator=Connector_R1C-
Change Component Designator: OldDesignator= NewDesignator=Connector_R1D+
Change Component Designator: OldDesignator= NewDesignator=Connector_R1D-
Change Component Designator: OldDesignator= NewDesignator=Connector_R2A+
Change Component Designator: OldDesignator= NewDesignator=Connector_R2A-
Change Component Designator: OldDesignator= NewDesignator=Connector_R2B+
Change Component Designator: OldDesignator= NewDesignator=Connector_R2B-
Change Component Designator: OldDesignator= NewDesignator=Connector_R2C+
Change Component Designator: OldDesignator= NewDesignator=Connector_R2C-
Change Component Designator: OldDesignator= NewDesignator=Connector_R2D+
Change Component Designator: OldDesignator= NewDesignator=Connector_R2D-
Change Component Designator: OldDesignator= NewDesignator=Connector_R3A+
Change Component Designator: OldDesignator= NewDesignator=Connector_R3A-
Change Component Designator: OldDesignator= NewDesignator=Connector_R3B+
Change Component Designator: OldDesignator= NewDesignator=Connector_R3B-
Change Component Designator: OldDesignator= NewDesignator=Connector_R3C+
Change Component Designator: OldDesignator= NewDesignator=Connector_R3C-
Change Component Designator: OldDesignator= NewDesignator=Connector_R3D+
Change Component Designator: OldDesignator= NewDesignator=Connector_R3D-
Change Component Designator: OldDesignator= NewDesignator=Connector_R4A+
Change Component Designator: OldDesignator= NewDesignator=Connector_R4A-
Change Component Designator: OldDesignator= NewDesignator=Connector_R4B+
Change Component Designator: OldDesignator= NewDesignator=Connector_R4B-
Change Component Designator: OldDesignator= NewDesignator=Connector_R4C+
Change Component Designator: OldDesignator= NewDesignator=Connector_R4C-
Change Component Designator: OldDesignator= NewDesignator=Connector_R4D+
Change Component Designator: OldDesignator= NewDesignator=Connector_R4D-
Change Component Designator: OldDesignator= NewDesignator=Decouplage_input_reg
Change Component Designator: OldDesignator= NewDesignator=Input_24V+
Change Component Designator: OldDesignator= NewDesignator=Input_24V-
Change Component Designator: OldDesignator= NewDesignator=LED_REG1
Change Component Designator: OldDesignator= NewDesignator=LED_REG2
Change Component Designator: OldDesignator= NewDesignator=LED_REG3
Change Component Designator: OldDesignator= NewDesignator=LED_REG4
Change Component Designator: OldDesignator= NewDesignator=LED_V24
Change Component Designator: OldDesignator= NewDesignator=R1
Change Component Designator: OldDesignator= NewDesignator=R2
Change Component Designator: OldDesignator= NewDesignator=R3
Change Component Designator: OldDesignator= NewDesignator=R4
Change Component Designator: OldDesignator= NewDesignator=RES_24V
Change Component Designator: OldDesignator= NewDesignator=RES_REG1
Change Component Designator: OldDesignator= NewDesignator=RES_REG2
Change Component Designator: OldDesignator= NewDesignator=RES_REG3
Change Component Designator: OldDesignator= NewDesignator=RES_REG4
Added Component: Designator=Connector_SW(AMP_2)
Added Pin To Net: NetName=24V- Pin=Connector_R1A--1
Added Pin To Net: NetName=24V- Pin=Connector_R1A--1
Added Pin To Net: NetName=24V- Pin=Connector_R1B--1
Added Pin To Net: NetName=24V- Pin=Connector_R1B--1
Added Pin To Net: NetName=24V- Pin=Connector_R1C--1
Added Pin To Net: NetName=24V- Pin=Connector_R1C--1
Added Pin To Net: NetName=24V- Pin=Connector_R1D--1
Added Pin To Net: NetName=24V- Pin=Connector_R1D--1
Added Pin To Net: NetName=24V- Pin=Connector_R2A--1
Added Pin To Net: NetName=24V- Pin=Connector_R2A--1
Added Pin To Net: NetName=24V- Pin=Connector_R2B--1
Added Pin To Net: NetName=24V- Pin=Connector_R2B--1
Added Pin To Net: NetName=24V- Pin=Connector_R2C--1
Added Pin To Net: NetName=24V- Pin=Connector_R2C--1
Added Pin To Net: NetName=24V- Pin=Connector_R2D--1
Added Pin To Net: NetName=24V- Pin=Connector_R2D--1
Added Pin To Net: NetName=24V- Pin=Connector_R3A--1
Added Pin To Net: NetName=24V- Pin=Connector_R3A--1
Added Pin To Net: NetName=24V- Pin=Connector_R3B--1
Added Pin To Net: NetName=24V- Pin=Connector_R3B--1
Added Pin To Net: NetName=24V- Pin=Connector_R3C--1
Added Pin To Net: NetName=24V- Pin=Connector_R3C--1
Added Pin To Net: NetName=24V- Pin=Connector_R3D--1
Added Pin To Net: NetName=24V- Pin=Connector_R3D--1
Added Pin To Net: NetName=24V- Pin=Connector_R4A--1
Added Pin To Net: NetName=24V- Pin=Connector_R4A--1
Added Pin To Net: NetName=24V- Pin=Connector_R4B--1
Added Pin To Net: NetName=24V- Pin=Connector_R4B--1
Added Pin To Net: NetName=24V- Pin=Connector_R4C--1
Added Pin To Net: NetName=24V- Pin=Connector_R4C--1
Added Pin To Net: NetName=24V- Pin=Connector_R4D--1
Added Pin To Net: NetName=24V- Pin=Connector_R4D--1
Added Pin To Net: NetName=24V- Pin=Connector_SW-1
Added Pin To Net: NetName=24V+ Pin=Connector_SW-2
Added Pin To Net: NetName=24V- Pin=LED_REG1-K
Added Pin To Net: NetName=24V- Pin=LED_REG2-K
Added Pin To Net: NetName=24V- Pin=LED_REG3-K
Added Pin To Net: NetName=24V- Pin=LED_REG4-K
Added Pin To Net: NetName=24V- Pin=R1-3
Added Pin To Net: NetName=24V- Pin=R2-3
Added Pin To Net: NetName=24V- Pin=R3-3
Added Pin To Net: NetName=24V- Pin=R4-3
Added Member To Class: ClassName=Carte_alim Member=Component Connector_R1A+ Connector_Cosse
Added Member To Class: ClassName=Carte_alim Member=Component Connector_R1A- Connector_Cosse
Added Member To Class: ClassName=Carte_alim Member=Component Connector_R1B+ Connector_Cosse
Added Member To Class: ClassName=Carte_alim Member=Component Connector_R1B- Connector_Cosse
Added Member To Class: ClassName=Carte_alim Member=Component Connector_R1C+ Connector_Cosse
Added Member To Class: ClassName=Carte_alim Member=Component Connector_R1C- Connector_Cosse
Added Member To Class: ClassName=Carte_alim Member=Component Connector_R1D+ Connector_Cosse
Added Member To Class: ClassName=Carte_alim Member=Component Connector_R1D- Connector_Cosse
Added Member To Class: ClassName=Carte_alim Member=Component Connector_R2A+ Connector_Cosse
Added Member To Class: ClassName=Carte_alim Member=Component Connector_R2A- Connector_Cosse
Added Member To Class: ClassName=Carte_alim Member=Component Connector_R2B+ Connector_Cosse
Added Member To Class: ClassName=Carte_alim Member=Component Connector_R2B- Connector_Cosse
Added Member To Class: ClassName=Carte_alim Member=Component Connector_R2C+ Connector_Cosse
Added Member To Class: ClassName=Carte_alim Member=Component Connector_R2C- Connector_Cosse
Added Member To Class: ClassName=Carte_alim Member=Component Connector_R2D+ Connector_Cosse
Added Member To Class: ClassName=Carte_alim Member=Component Connector_R2D- Connector_Cosse
Added Member To Class: ClassName=Carte_alim Member=Component Connector_R3A+ Connector_Cosse
Added Member To Class: ClassName=Carte_alim Member=Component Connector_R3A- Connector_Cosse
Added Member To Class: ClassName=Carte_alim Member=Component Connector_R3B+ Connector_Cosse
Added Member To Class: ClassName=Carte_alim Member=Component Connector_R3B- Connector_Cosse
Added Member To Class: ClassName=Carte_alim Member=Component Connector_R3C+ Connector_Cosse
Added Member To Class: ClassName=Carte_alim Member=Component Connector_R3C- Connector_Cosse
Added Member To Class: ClassName=Carte_alim Member=Component Connector_R3D+ Connector_Cosse
Added Member To Class: ClassName=Carte_alim Member=Component Connector_R3D- Connector_Cosse
Added Member To Class: ClassName=Carte_alim Member=Component Connector_R4A+ Connector_Cosse
Added Member To Class: ClassName=Carte_alim Member=Component Connector_R4A- Connector_Cosse
Added Member To Class: ClassName=Carte_alim Member=Component Connector_R4B+ Connector_Cosse
Added Member To Class: ClassName=Carte_alim Member=Component Connector_R4B- Connector_Cosse
Added Member To Class: ClassName=Carte_alim Member=Component Connector_R4C+ Connector_Cosse
Added Member To Class: ClassName=Carte_alim Member=Component Connector_R4C- Connector_Cosse
Added Member To Class: ClassName=Carte_alim Member=Component Connector_R4D+ Connector_Cosse
Added Member To Class: ClassName=Carte_alim Member=Component Connector_R4D- Connector_Cosse
Added Member To Class: ClassName=Carte_alim Member=Component Connector_SW comment
Added Member To Class: ClassName=Carte_alim Member=Component Input_24V+ Connector_Cosse
Added Member To Class: ClassName=Carte_alim Member=Component Input_24V- Connector_Cosse
Added Member To Class: ClassName=Carte_alim Member=Component LED_REG1 comment
Added Member To Class: ClassName=Carte_alim Member=Component LED_REG2 comment
Added Member To Class: ClassName=Carte_alim Member=Component LED_REG3 comment
Added Member To Class: ClassName=Carte_alim Member=Component LED_REG4 comment
Added Member To Class: ClassName=Carte_alim Member=Component LED_V24 Bleue
Added Member To Class: ClassName=Carte_alim Member=Component R1 Régulateur
Added Member To Class: ClassName=Carte_alim Member=Component R2 Régulateur
Added Member To Class: ClassName=Carte_alim Member=Component R3 Régulateur
Added Member To Class: ClassName=Carte_alim Member=Component R4 Régulateur
Added Member To Class: ClassName=Carte_alim Member=Component RES_24V 
Added Member To Class: ClassName=Carte_alim Member=Component RES_REG1 RES
Added Member To Class: ClassName=Carte_alim Member=Component RES_REG2 RES
Added Member To Class: ClassName=Carte_alim Member=Component RES_REG3 RES
Added Member To Class: ClassName=Carte_alim Member=Component RES_REG4 RES
