Removed Pin From Net: NetName=R1- Pin=LED_REG1-K
Removed Pin From Net: NetName=R1- Pin=R1-3
Removed Pin From Net: NetName=R1+ Pin=R1-4
Removed Pin From Net: NetName=R1+ Pin=RES_REG1-2
Added Component: Designator=Connector_R1A+(Connector_Cosse)
Added Component: Designator=Connector_R1A-(Connector_Cosse)
Added Component: Designator=Connector_R1B+(Connector_Cosse)
Added Component: Designator=Connector_R1B-(Connector_Cosse)
Added Component: Designator=Connector_R1C+(Connector_Cosse)
Added Component: Designator=Connector_R1C-(Connector_Cosse)
Added Component: Designator=Connector_R1D+(Connector_Cosse)
Added Component: Designator=Connector_R1D-(Connector_Cosse)
Added Pin To Net: NetName=R1- Pin=LED_REG4-K
Added Pin To Net: NetName=R1- Pin=R4-3
Added Pin To Net: NetName=R1+ Pin=R4-4
Added Pin To Net: NetName=R1+ Pin=RES_REG4-2
Change Net Name : Old Net Name=R1+ New Net Name=R4+
Change Net Name : Old Net Name=R1- New Net Name=R4-
Added Pin To Net: NetName=R1+ Pin=Connector_R1A+-1
Added Pin To Net: NetName=R1+ Pin=Connector_R1A+-1
Added Pin To Net: NetName=R1+ Pin=Connector_R1B+-1
Added Pin To Net: NetName=R1+ Pin=Connector_R1B+-1
Added Pin To Net: NetName=R1+ Pin=Connector_R1C+-1
Added Pin To Net: NetName=R1+ Pin=Connector_R1C+-1
Added Pin To Net: NetName=R1+ Pin=Connector_R1D+-1
Added Pin To Net: NetName=R1+ Pin=Connector_R1D+-1
Added Pin To Net: NetName=R1+ Pin=R1-4
Added Pin To Net: NetName=R1+ Pin=RES_REG1-2
Added Net: Name=R1+
Added Pin To Net: NetName=R1- Pin=Connector_R1A--1
Added Pin To Net: NetName=R1- Pin=Connector_R1A--1
Added Pin To Net: NetName=R1- Pin=Connector_R1B--1
Added Pin To Net: NetName=R1- Pin=Connector_R1B--1
Added Pin To Net: NetName=R1- Pin=Connector_R1C--1
Added Pin To Net: NetName=R1- Pin=Connector_R1C--1
Added Pin To Net: NetName=R1- Pin=Connector_R1D--1
Added Pin To Net: NetName=R1- Pin=Connector_R1D--1
Added Pin To Net: NetName=R1- Pin=LED_REG1-K
Added Pin To Net: NetName=R1- Pin=R1-3
Added Net: Name=R1-
Added Member To Class: ClassName=Carte_alim Member=Component Connector_R1A+ Connector_Cosse
Added Member To Class: ClassName=Carte_alim Member=Component Connector_R1A- Connector_Cosse
Added Member To Class: ClassName=Carte_alim Member=Component Connector_R1B+ Connector_Cosse
Added Member To Class: ClassName=Carte_alim Member=Component Connector_R1B- Connector_Cosse
Added Member To Class: ClassName=Carte_alim Member=Component Connector_R1C+ Connector_Cosse
Added Member To Class: ClassName=Carte_alim Member=Component Connector_R1C- Connector_Cosse
Added Member To Class: ClassName=Carte_alim Member=Component Connector_R1D+ Connector_Cosse
Added Member To Class: ClassName=Carte_alim Member=Component Connector_R1D- Connector_Cosse
