Removed Pin From Net: NetName=R2- Pin=Connector_R3A--1
Removed Pin From Net: NetName=R2- Pin=Connector_R3A--1
Removed Pin From Net: NetName=R2- Pin=Connector_R3B--1
Removed Pin From Net: NetName=R2- Pin=Connector_R3B--1
Removed Pin From Net: NetName=R2- Pin=Connector_R3C--1
Removed Pin From Net: NetName=R2- Pin=Connector_R3C--1
Removed Pin From Net: NetName=R2- Pin=Connector_R3D--1
Removed Pin From Net: NetName=R2- Pin=Connector_R3D--1
Removed Pin From Net: NetName=R2- Pin=R3-3
Removed Pin From Net: NetName=R3+ Pin=RES_REG3-2
Change Net Name : Old Net Name=R3+ New Net Name=REG3+
Added Pin To Net: NetName=R3+ Pin=RES_REG3-2
Added Net: Name=R3+
Added Pin To Net: NetName=REG3- Pin=Connector_R3A--1
Added Pin To Net: NetName=REG3- Pin=Connector_R3A--1
Added Pin To Net: NetName=REG3- Pin=Connector_R3B--1
Added Pin To Net: NetName=REG3- Pin=Connector_R3B--1
Added Pin To Net: NetName=REG3- Pin=Connector_R3C--1
Added Pin To Net: NetName=REG3- Pin=Connector_R3C--1
Added Pin To Net: NetName=REG3- Pin=Connector_R3D--1
Added Pin To Net: NetName=REG3- Pin=Connector_R3D--1
Added Pin To Net: NetName=REG3- Pin=R3-3
Added Net: Name=REG3-
