Added Component: Designator=Connector_R2A+(Connector_Cosse)
Added Component: Designator=Connector_R2A-(Connector_Cosse)
Added Component: Designator=Connector_R2B+(Connector_Cosse)
Added Component: Designator=Connector_R2B-(Connector_Cosse)
Added Component: Designator=Connector_R2C+(Connector_Cosse)
Added Component: Designator=Connector_R2C-(Connector_Cosse)
Added Component: Designator=Connector_R2D+(Connector_Cosse)
Added Component: Designator=Connector_R2D-(Connector_Cosse)
Added Component: Designator=Connector_R3A+(Connector_Cosse)
Added Component: Designator=Connector_R3A-(Connector_Cosse)
Added Component: Designator=Connector_R3B+(Connector_Cosse)
Added Component: Designator=Connector_R3B-(Connector_Cosse)
Added Component: Designator=Connector_R3C+(Connector_Cosse)
Added Component: Designator=Connector_R3C-(Connector_Cosse)
Added Component: Designator=Connector_R3D+(Connector_Cosse)
Added Component: Designator=Connector_R3D-(Connector_Cosse)
Added Component: Designator=Connector_R4A+(Connector_Cosse)
Added Component: Designator=Connector_R4A+(Connector_Cosse)
Added Component: Designator=Connector_R4A-(Connector_Cosse)
Added Component: Designator=Connector_R4A-(Connector_Cosse)
Added Component: Designator=Connector_R4B+(Connector_Cosse)
Added Component: Designator=Connector_R4B+(Connector_Cosse)
Added Component: Designator=Connector_R4B-(Connector_Cosse)
Added Component: Designator=Connector_R4B-(Connector_Cosse)
Added Component: Designator=Connector_R4C+(Connector_Cosse)
Added Component: Designator=Connector_R4C+(Connector_Cosse)
Added Component: Designator=Connector_R4C-(Connector_Cosse)
Added Component: Designator=Connector_R4C-(Connector_Cosse)
Added Component: Designator=Connector_R4D+(Connector_Cosse)
Added Component: Designator=Connector_R4D+(Connector_Cosse)
Added Component: Designator=Connector_R4D-(Connector_Cosse)
Added Component: Designator=Connector_R4D-(Connector_Cosse)
Added Component: Designator=Connector_Sw(POWER2)
Added Component: Designator=Input_24V+(Connector_Cosse)
Added Component: Designator=Input_24V-(Connector_Cosse)
Added Component: Designator=LED_REG1(LED1206)
Added Component: Designator=LED_REG2(LED1206)
Added Component: Designator=LED_REG3(LED1206)
Added Component: Designator=LED_REG4(LED1206)
Added Component: Designator=LED_V24(LED1206)
Added Component: Designator=RES_24V(0805)
Added Component: Designator=RES_REG1(0805)
Added Component: Designator=RES_REG2(0805)
Added Component: Designator=RES_REG3(0805)
Added Component: Designator=RES_REG4(0805)
Added Pin To Net: NetName=R2+ Pin=Connector_R2A+-1
Added Pin To Net: NetName=R2+ Pin=Connector_R2A+-1
Added Pin To Net: NetName=R2- Pin=Connector_R2A--1
Added Pin To Net: NetName=R2- Pin=Connector_R2A--1
Added Pin To Net: NetName=R2+ Pin=Connector_R2B+-1
Added Pin To Net: NetName=R2+ Pin=Connector_R2B+-1
Added Pin To Net: NetName=R2- Pin=Connector_R2B--1
Added Pin To Net: NetName=R2- Pin=Connector_R2B--1
Added Pin To Net: NetName=R2+ Pin=Connector_R2C+-1
Added Pin To Net: NetName=R2+ Pin=Connector_R2C+-1
Added Pin To Net: NetName=R2- Pin=Connector_R2C--1
Added Pin To Net: NetName=R2- Pin=Connector_R2C--1
Added Pin To Net: NetName=R2+ Pin=Connector_R2D+-1
Added Pin To Net: NetName=R2+ Pin=Connector_R2D+-1
Added Pin To Net: NetName=R2- Pin=Connector_R2D--1
Added Pin To Net: NetName=R2- Pin=Connector_R2D--1
Added Pin To Net: NetName=R3+ Pin=Connector_R3A+-1
Added Pin To Net: NetName=R3+ Pin=Connector_R3A+-1
Added Pin To Net: NetName=R2- Pin=Connector_R3A--1
Added Pin To Net: NetName=R2- Pin=Connector_R3A--1
Added Pin To Net: NetName=R3+ Pin=Connector_R3B+-1
Added Pin To Net: NetName=R3+ Pin=Connector_R3B+-1
Added Pin To Net: NetName=R2- Pin=Connector_R3B--1
Added Pin To Net: NetName=R2- Pin=Connector_R3B--1
Added Pin To Net: NetName=R3+ Pin=Connector_R3C+-1
Added Pin To Net: NetName=R3+ Pin=Connector_R3C+-1
Added Pin To Net: NetName=R2- Pin=Connector_R3C--1
Added Pin To Net: NetName=R2- Pin=Connector_R3C--1
Added Pin To Net: NetName=R3+ Pin=Connector_R3D+-1
Added Pin To Net: NetName=R3+ Pin=Connector_R3D+-1
Added Pin To Net: NetName=R2- Pin=Connector_R3D--1
Added Pin To Net: NetName=R2- Pin=Connector_R3D--1
Added Pin To Net: NetName=R1+ Pin=Connector_R4A+-1
Added Pin To Net: NetName=R1+ Pin=Connector_R4A+-1
Added Pin To Net: NetName=R4+ Pin=Connector_R4A+-1
Added Pin To Net: NetName=R4+ Pin=Connector_R4A+-1
Added Pin To Net: NetName=R1- Pin=Connector_R4A--1
Added Pin To Net: NetName=R1- Pin=Connector_R4A--1
Added Pin To Net: NetName=R4- Pin=Connector_R4A--1
Added Pin To Net: NetName=R4- Pin=Connector_R4A--1
Added Pin To Net: NetName=R1+ Pin=Connector_R4B+-1
Added Pin To Net: NetName=R1+ Pin=Connector_R4B+-1
Added Pin To Net: NetName=R4+ Pin=Connector_R4B+-1
Added Pin To Net: NetName=R4+ Pin=Connector_R4B+-1
Added Pin To Net: NetName=R1- Pin=Connector_R4B--1
Added Pin To Net: NetName=R1- Pin=Connector_R4B--1
Added Pin To Net: NetName=R4- Pin=Connector_R4B--1
Added Pin To Net: NetName=R4- Pin=Connector_R4B--1
Added Pin To Net: NetName=R1+ Pin=Connector_R4C+-1
Added Pin To Net: NetName=R1+ Pin=Connector_R4C+-1
Added Pin To Net: NetName=R4+ Pin=Connector_R4C+-1
Added Pin To Net: NetName=R4+ Pin=Connector_R4C+-1
Added Pin To Net: NetName=R1- Pin=Connector_R4C--1
Added Pin To Net: NetName=R1- Pin=Connector_R4C--1
Added Pin To Net: NetName=R4- Pin=Connector_R4C--1
Added Pin To Net: NetName=R4- Pin=Connector_R4C--1
Added Pin To Net: NetName=R1+ Pin=Connector_R4D+-1
Added Pin To Net: NetName=R1+ Pin=Connector_R4D+-1
Added Pin To Net: NetName=R4+ Pin=Connector_R4D+-1
Added Pin To Net: NetName=R4+ Pin=Connector_R4D+-1
Added Pin To Net: NetName=R1- Pin=Connector_R4D--1
Added Pin To Net: NetName=R1- Pin=Connector_R4D--1
Added Pin To Net: NetName=R4- Pin=Connector_R4D--1
Added Pin To Net: NetName=R4- Pin=Connector_R4D--1
Added Pin To Net: NetName=R1- Pin=LED_REG1-K
Added Pin To Net: NetName=R2- Pin=LED_REG2-K
Added Pin To Net: NetName=R2- Pin=LED_REG3-K
Added Pin To Net: NetName=R4- Pin=LED_REG4-K
Added Pin To Net: NetName=R1+ Pin=RES_REG1-2
Added Pin To Net: NetName=R2+ Pin=RES_REG2-2
Added Pin To Net: NetName=R3+ Pin=RES_REG3-2
Added Pin To Net: NetName=R4+ Pin=RES_REG4-2
Added Pin To Net: NetName=24V+ Pin=Connector_Sw-2
Added Pin To Net: NetName=24V+ Pin=Input_24V+-1
Added Pin To Net: NetName=24V+ Pin=Input_24V+-1
Added Pin To Net: NetName=24V+ Pin=RES_24V-2
Added Net: Name=24V+
Added Pin To Net: NetName=24V- Pin=Connector_Sw-1
Added Pin To Net: NetName=24V- Pin=Input_24V--1
Added Pin To Net: NetName=24V- Pin=Input_24V--1
Added Pin To Net: NetName=24V- Pin=LED_V24-K
Added Net: Name=24V-
Added Pin To Net: NetName=NetLED_REG1_A Pin=LED_REG1-A
Added Pin To Net: NetName=NetLED_REG1_A Pin=RES_REG1-1
Added Net: Name=NetLED_REG1_A
Added Pin To Net: NetName=NetLED_REG2_A Pin=LED_REG2-A
Added Pin To Net: NetName=NetLED_REG2_A Pin=RES_REG2-1
Added Net: Name=NetLED_REG2_A
Added Pin To Net: NetName=NetLED_REG3_A Pin=LED_REG3-A
Added Pin To Net: NetName=NetLED_REG3_A Pin=RES_REG3-1
Added Net: Name=NetLED_REG3_A
Added Pin To Net: NetName=NetLED_REG4_A Pin=LED_REG4-A
Added Pin To Net: NetName=NetLED_REG4_A Pin=RES_REG4-1
Added Net: Name=NetLED_REG4_A
Added Pin To Net: NetName=NetLED_V24_A Pin=LED_V24-A
Added Pin To Net: NetName=NetLED_V24_A Pin=RES_24V-1
Added Net: Name=NetLED_V24_A
Added Class: Name=Carte_alim
Added Room: Name=Carte_alim
